<?xml version="1.0" encoding="UTF-8"?>
<testng-results ignored="0" total="1" passed="1" failed="0" skipped="0">
  <reporter-output>
  </reporter-output>
  <suite started-at="2023-09-30T21:56:51 EDT" name="Default suite" finished-at="2023-09-30T21:57:11 EDT" duration-ms="19638">
    <groups>
      <group name="cucumber">
        <method signature="AbstractTestNGCucumberTests.feature(cucumber.api.testng.CucumberFeatureWrapper)[pri:0, instance:Drop_TestRunner.Drop_TestRunner@4e5ed836]" name="feature" class="cucumber.api.testng.AbstractTestNGCucumberTests"/>
      </group> <!-- cucumber -->
    </groups>
    <test started-at="2023-09-30T21:56:51 EDT" name="Default test" finished-at="2023-09-30T21:57:11 EDT" duration-ms="19638">
      <class name="Drop_TestRunner.Drop_TestRunner">
        <test-method is-config="true" signature="drStartURL()[pri:0, instance:Drop_TestRunner.Drop_TestRunner@4e5ed836]" started-at="2023-09-30T21:56:51 EDT" name="drStartURL" finished-at="2023-09-30T21:56:54 EDT" duration-ms="2772" status="PASS">
          <reporter-output>
          </reporter-output>
        </test-method> <!-- drStartURL -->
        <test-method is-config="true" signature="setUpClass()[pri:0, instance:Drop_TestRunner.Drop_TestRunner@4e5ed836]" started-at="2023-09-30T21:56:54 EDT" name="setUpClass" finished-at="2023-09-30T21:56:54 EDT" duration-ms="162" status="PASS">
          <reporter-output>
          </reporter-output>
        </test-method> <!-- setUpClass -->
        <test-method signature="feature(cucumber.api.testng.CucumberFeatureWrapper)[pri:0, instance:Drop_TestRunner.Drop_TestRunner@4e5ed836]" started-at="2023-09-30T21:56:54 EDT" name="feature" description="Runs Cucumber Feature" data-provider="features" finished-at="2023-09-30T21:57:10 EDT" duration-ms="16039" status="PASS">
          <params>
            <param index="0">
              <value>
                <![CDATA[This is a feature for selecting item]]>
              </value>
            </param>
          </params>
          <reporter-output>
          </reporter-output>
        </test-method> <!-- feature -->
        <test-method is-config="true" signature="tearDownClass()[pri:0, instance:Drop_TestRunner.Drop_TestRunner@4e5ed836]" started-at="2023-09-30T21:57:10 EDT" name="tearDownClass" finished-at="2023-09-30T21:57:10 EDT" duration-ms="17" status="PASS">
          <reporter-output>
          </reporter-output>
        </test-method> <!-- tearDownClass -->
        <test-method is-config="true" signature="drCloseURL()[pri:0, instance:Drop_TestRunner.Drop_TestRunner@4e5ed836]" started-at="2023-09-30T21:57:10 EDT" name="drCloseURL" finished-at="2023-09-30T21:57:11 EDT" duration-ms="524" status="PASS">
          <reporter-output>
          </reporter-output>
        </test-method> <!-- drCloseURL -->
      </class> <!-- Drop_TestRunner.Drop_TestRunner -->
    </test> <!-- Default test -->
  </suite> <!-- Default suite -->
</testng-results>
